mode: set
github.com/covergates/covergates/modules/report/report.go:22.100,24.45 2 1
github.com/covergates/covergates/modules/report/report.go:27.2,28.45 2 1
github.com/covergates/covergates/modules/report/report.go:39.2,39.22 1 1
github.com/covergates/covergates/modules/report/report.go:47.2,48.45 2 1
github.com/covergates/covergates/modules/report/report.go:52.2,55.8 1 1
github.com/covergates/covergates/modules/report/report.go:24.45,26.3 1 1
github.com/covergates/covergates/modules/report/report.go:28.45,33.32 2 1
github.com/covergates/covergates/modules/report/report.go:37.3,37.38 1 1
github.com/covergates/covergates/modules/report/report.go:33.32,36.4 2 1
github.com/covergates/covergates/modules/report/report.go:39.22,46.3 2 0
github.com/covergates/covergates/modules/report/report.go:48.45,50.3 1 1
github.com/covergates/covergates/modules/report/report.go:59.88,65.16 6 1
github.com/covergates/covergates/modules/report/report.go:68.2,68.34 1 1
github.com/covergates/covergates/modules/report/report.go:81.2,81.17 1 1
github.com/covergates/covergates/modules/report/report.go:65.16,67.3 1 0
github.com/covergates/covergates/modules/report/report.go:68.34,69.19 1 1
github.com/covergates/covergates/modules/report/report.go:72.3,73.37 2 1
github.com/covergates/covergates/modules/report/report.go:79.3,79.100 1 1
github.com/covergates/covergates/modules/report/report.go:69.19,70.12 1 0
github.com/covergates/covergates/modules/report/report.go:73.37,75.4 1 1
github.com/covergates/covergates/modules/report/report.go:75.9,75.44 1 1
github.com/covergates/covergates/modules/report/report.go:75.44,77.4 1 1
github.com/covergates/covergates/modules/report/report.go:85.110,87.33 2 0
github.com/covergates/covergates/modules/report/report.go:92.2,93.43 2 0
github.com/covergates/covergates/modules/report/report.go:102.2,103.16 2 0
github.com/covergates/covergates/modules/report/report.go:87.33,88.21 1 0
github.com/covergates/covergates/modules/report/report.go:88.21,90.4 1 0
github.com/covergates/covergates/modules/report/report.go:93.43,94.38 1 0
github.com/covergates/covergates/modules/report/report.go:97.3,97.37 1 0
github.com/covergates/covergates/modules/report/report.go:100.3,100.54 1 0
github.com/covergates/covergates/modules/report/report.go:94.38,95.12 1 0
github.com/covergates/covergates/modules/report/report.go:97.37,98.12 1 0
github.com/covergates/covergates/modules/report/report.go:106.46,108.29 2 1
github.com/covergates/covergates/modules/report/report.go:111.2,111.10 1 1
github.com/covergates/covergates/modules/report/report.go:108.29,110.3 1 1
github.com/covergates/covergates/config/config.go:71.33,75.2 3 1
github.com/covergates/covergates/config/config.go:78.49,80.26 2 0
github.com/covergates/covergates/config/config.go:83.2,83.27 1 0
github.com/covergates/covergates/config/config.go:86.2,86.18 1 0
github.com/covergates/covergates/config/config.go:80.26,82.3 1 0
github.com/covergates/covergates/config/config.go:83.27,85.3 1 0
github.com/covergates/covergates/config/config.go:90.36,91.29 1 1
github.com/covergates/covergates/config/config.go:96.2,97.16 2 1
github.com/covergates/covergates/config/config.go:100.2,100.17 1 1
github.com/covergates/covergates/config/config.go:91.29,93.3 1 0
github.com/covergates/covergates/config/config.go:93.8,93.35 1 1
github.com/covergates/covergates/config/config.go:93.35,95.3 1 0
github.com/covergates/covergates/config/config.go:97.16,99.3 1 0
github.com/covergates/covergates/config/config.go:104.39,107.2 2 1
github.com/covergates/covergates/config/config.go:110.35,114.2 3 0
github.com/covergates/covergates/modules/charts/chart.go:9.92,11.2 1 0
github.com/covergates/covergates/modules/charts/treemap.go:29.81,32.33 3 1
github.com/covergates/covergates/modules/charts/treemap.go:35.2,35.33 1 1
github.com/covergates/covergates/modules/charts/treemap.go:38.2,41.3 1 1
github.com/covergates/covergates/modules/charts/treemap.go:32.33,34.3 1 1
github.com/covergates/covergates/modules/charts/treemap.go:35.33,37.3 1 1
github.com/covergates/covergates/modules/charts/treemap.go:45.57,50.31 5 1
github.com/covergates/covergates/modules/charts/treemap.go:53.2,58.39 3 1
github.com/covergates/covergates/modules/charts/treemap.go:79.2,99.16 2 1
github.com/covergates/covergates/modules/charts/treemap.go:102.2,102.22 1 1
github.com/covergates/covergates/modules/charts/treemap.go:50.31,52.3 1 1
github.com/covergates/covergates/modules/charts/treemap.go:58.39,62.9 4 1
github.com/covergates/covergates/modules/charts/treemap.go:65.3,68.15 4 1
github.com/covergates/covergates/modules/charts/treemap.go:75.3,77.50 3 1
github.com/covergates/covergates/modules/charts/treemap.go:62.9,64.4 1 1
github.com/covergates/covergates/modules/charts/treemap.go:68.15,71.4 2 1
github.com/covergates/covergates/modules/charts/treemap.go:71.9,71.22 1 1
github.com/covergates/covergates/modules/charts/treemap.go:71.22,74.4 2 1
github.com/covergates/covergates/modules/charts/treemap.go:99.16,101.3 1 0
github.com/covergates/covergates/modules/charts/treemap.go:105.31,105.54 1 1
github.com/covergates/covergates/modules/charts/treemap.go:106.41,108.2 1 1
github.com/covergates/covergates/modules/charts/treemap.go:109.36,111.2 1 1
github.com/covergates/covergates/modules/scm/hook.go:20.81,22.92 2 0
github.com/covergates/covergates/modules/scm/hook.go:25.2,25.16 1 0
github.com/covergates/covergates/modules/scm/hook.go:29.2,29.30 1 0
github.com/covergates/covergates/modules/scm/hook.go:41.2,41.33 1 0
github.com/covergates/covergates/modules/scm/hook.go:22.92,24.3 1 0
github.com/covergates/covergates/modules/scm/hook.go:25.16,27.3 1 0
github.com/covergates/covergates/modules/scm/hook.go:30.28,31.38 1 0
github.com/covergates/covergates/modules/scm/hook.go:31.38,39.4 1 0
github.com/covergates/covergates/modules/scm/hook.go:44.68,46.2 1 0
github.com/covergates/covergates/modules/scm/pr.go:21.16,26.21 5 0
github.com/covergates/covergates/modules/scm/pr.go:32.2,32.16 1 0
github.com/covergates/covergates/modules/scm/pr.go:35.2,35.24 1 0
github.com/covergates/covergates/modules/scm/pr.go:27.18,28.82 1 0
github.com/covergates/covergates/modules/scm/pr.go:29.10,30.88 1 0
github.com/covergates/covergates/modules/scm/pr.go:32.16,34.3 1 0
github.com/covergates/covergates/modules/scm/pr.go:44.9,47.21 3 0
github.com/covergates/covergates/modules/scm/pr.go:53.2,53.12 1 0
github.com/covergates/covergates/modules/scm/pr.go:48.18,49.70 1 0
github.com/covergates/covergates/modules/scm/pr.go:50.10,51.76 1 0
github.com/covergates/covergates/modules/scm/pr.go:56.122,59.16 3 0
github.com/covergates/covergates/modules/scm/pr.go:63.2,68.8 1 0
github.com/covergates/covergates/modules/scm/pr.go:59.16,61.3 1 0
github.com/covergates/covergates/modules/scm/pr.go:71.130,74.16 3 0
github.com/covergates/covergates/modules/scm/pr.go:77.2,78.33 2 0
github.com/covergates/covergates/modules/scm/pr.go:86.2,86.20 1 0
github.com/covergates/covergates/modules/scm/pr.go:74.16,76.3 1 0
github.com/covergates/covergates/modules/scm/pr.go:78.33,85.3 1 0
github.com/covergates/covergates/modules/scm/repo.go:21.65,24.2 2 1
github.com/covergates/covergates/modules/scm/repo.go:30.25,34.16 4 0
github.com/covergates/covergates/modules/scm/repo.go:37.2,38.27 2 0
github.com/covergates/covergates/modules/scm/repo.go:47.2,47.26 1 0
github.com/covergates/covergates/modules/scm/repo.go:34.16,36.3 1 0
github.com/covergates/covergates/modules/scm/repo.go:38.27,46.3 1 0
github.com/covergates/covergates/modules/scm/repo.go:55.23,59.16 4 0
github.com/covergates/covergates/modules/scm/repo.go:62.2,69.8 1 0
github.com/covergates/covergates/modules/scm/repo.go:59.16,61.3 1 0
github.com/covergates/covergates/modules/scm/repo.go:76.19,80.16 4 0
github.com/covergates/covergates/modules/scm/repo.go:83.2,83.24 1 0
github.com/covergates/covergates/modules/scm/repo.go:80.16,82.3 1 0
github.com/covergates/covergates/modules/scm/repo.go:86.111,105.16 5 0
github.com/covergates/covergates/modules/scm/repo.go:108.2,110.8 1 0
github.com/covergates/covergates/modules/scm/repo.go:105.16,107.3 1 0
github.com/covergates/covergates/modules/scm/repo.go:113.114,117.2 3 0
github.com/covergates/covergates/modules/scm/scm.go:23.44,25.2 1 0
github.com/covergates/covergates/modules/scm/scm.go:34.49,41.2 1 0
github.com/covergates/covergates/modules/scm/scm.go:43.63,45.11 2 0
github.com/covergates/covergates/modules/scm/scm.go:59.2,59.14 1 0
github.com/covergates/covergates/modules/scm/scm.go:46.19,49.4 1 0
github.com/covergates/covergates/modules/scm/scm.go:50.18,55.4 1 0
github.com/covergates/covergates/modules/scm/scm.go:56.10,57.41 1 0
github.com/covergates/covergates/modules/scm/scm.go:66.19,68.2 1 0
github.com/covergates/covergates/modules/scm/scm.go:71.73,73.16 2 0
github.com/covergates/covergates/modules/scm/scm.go:76.2,82.8 1 0
github.com/covergates/covergates/modules/scm/scm.go:73.16,75.3 1 0
github.com/covergates/covergates/modules/scm/scm.go:85.80,88.11 3 0
github.com/covergates/covergates/modules/scm/scm.go:114.2,114.20 1 0
github.com/covergates/covergates/modules/scm/scm.go:89.19,96.4 2 0
github.com/covergates/covergates/modules/scm/scm.go:97.18,109.4 2 0
github.com/covergates/covergates/modules/scm/scm.go:110.10,112.36 2 0
github.com/covergates/covergates/modules/scm/user.go:20.94,22.16 2 0
github.com/covergates/covergates/modules/scm/user.go:25.2,25.46 1 0
github.com/covergates/covergates/modules/scm/user.go:22.16,24.3 1 0
github.com/covergates/covergates/modules/scm/user.go:28.93,37.2 4 0
github.com/covergates/covergates/modules/scm/user.go:39.96,48.16 5 0
github.com/covergates/covergates/modules/scm/user.go:51.2,51.71 1 0
github.com/covergates/covergates/modules/scm/user.go:54.2,54.46 1 0
github.com/covergates/covergates/modules/scm/user.go:48.16,50.3 1 0
github.com/covergates/covergates/modules/scm/user.go:51.71,53.3 1 0
github.com/covergates/covergates/modules/scm/user.go:57.111,59.16 2 0
github.com/covergates/covergates/modules/scm/user.go:62.2,62.62 1 0
github.com/covergates/covergates/modules/scm/user.go:59.16,61.3 1 0
github.com/covergates/covergates/modules/scm/client.go:17.50,23.2 1 0
github.com/covergates/covergates/modules/scm/client.go:25.43,31.2 1 0
github.com/covergates/covergates/modules/scm/client.go:33.40,39.2 1 0
github.com/covergates/covergates/modules/scm/client.go:41.49,47.2 1 0
github.com/covergates/covergates/modules/scm/client.go:49.57,54.2 1 0
github.com/covergates/covergates/modules/scm/client.go:56.49,62.2 1 0
github.com/covergates/covergates/modules/scm/client.go:64.52,71.2 2 0
github.com/covergates/covergates/modules/scm/content.go:22.21,26.16 4 0
github.com/covergates/covergates/modules/scm/content.go:29.2,30.16 2 0
github.com/covergates/covergates/modules/scm/content.go:33.2,35.16 3 0
github.com/covergates/covergates/modules/scm/content.go:38.2,38.41 1 0
github.com/covergates/covergates/modules/scm/content.go:26.16,28.3 1 0
github.com/covergates/covergates/modules/scm/content.go:30.16,32.3 1 0
github.com/covergates/covergates/modules/scm/content.go:35.16,37.3 1 0
github.com/covergates/covergates/modules/scm/content.go:41.115,46.2 4 0
github.com/covergates/covergates/modules/scm/git.go:17.101,25.16 4 0
github.com/covergates/covergates/modules/scm/git.go:28.2,28.16 1 0
github.com/covergates/covergates/modules/scm/git.go:25.16,27.3 1 0
github.com/covergates/covergates/modules/scm/git.go:32.121,38.16 6 0
github.com/covergates/covergates/modules/scm/git.go:41.2,41.49 1 0
github.com/covergates/covergates/modules/scm/git.go:38.16,40.3 1 0
github.com/covergates/covergates/routers/api/report/badge.go:21.19,22.30 1 0
github.com/covergates/covergates/routers/api/report/badge.go:22.30,25.17 3 0
github.com/covergates/covergates/routers/api/report/badge.go:29.3,34.17 2 0
github.com/covergates/covergates/routers/api/report/badge.go:38.3,38.37 1 0
github.com/covergates/covergates/routers/api/report/badge.go:25.17,28.4 2 0
github.com/covergates/covergates/routers/api/report/badge.go:34.17,37.4 2 0
github.com/covergates/covergates/routers/api/report/report.go:34.19,35.30 1 1
github.com/covergates/covergates/routers/api/report/report.go:35.30,37.42 1 1
github.com/covergates/covergates/routers/api/report/report.go:42.3,42.44 1 1
github.com/covergates/covergates/routers/api/report/report.go:47.3,54.17 7 1
github.com/covergates/covergates/routers/api/report/report.go:59.3,60.17 2 1
github.com/covergates/covergates/routers/api/report/report.go:66.3,67.17 2 1
github.com/covergates/covergates/routers/api/report/report.go:73.3,74.17 2 1
github.com/covergates/covergates/routers/api/report/report.go:79.3,80.17 2 1
github.com/covergates/covergates/routers/api/report/report.go:85.3,85.19 1 1
github.com/covergates/covergates/routers/api/report/report.go:92.3,94.17 3 1
github.com/covergates/covergates/routers/api/report/report.go:99.3,108.52 2 1
github.com/covergates/covergates/routers/api/report/report.go:113.3,113.22 1 1
github.com/covergates/covergates/routers/api/report/report.go:37.42,40.4 2 1
github.com/covergates/covergates/routers/api/report/report.go:42.44,45.4 2 0
github.com/covergates/covergates/routers/api/report/report.go:54.17,57.4 2 0
github.com/covergates/covergates/routers/api/report/report.go:60.17,63.4 2 0
github.com/covergates/covergates/routers/api/report/report.go:67.17,71.4 3 0
github.com/covergates/covergates/routers/api/report/report.go:74.17,77.4 2 0
github.com/covergates/covergates/routers/api/report/report.go:80.17,83.4 2 0
github.com/covergates/covergates/routers/api/report/report.go:85.19,87.42 2 1
github.com/covergates/covergates/routers/api/report/report.go:87.42,89.5 1 1
github.com/covergates/covergates/routers/api/report/report.go:94.17,97.4 2 0
github.com/covergates/covergates/routers/api/report/report.go:108.52,112.4 3 0
github.com/covergates/covergates/routers/api/report/report.go:124.55,125.30 1 1
github.com/covergates/covergates/routers/api/report/report.go:125.30,129.17 2 1
github.com/covergates/covergates/routers/api/report/report.go:133.3,133.20 1 1
github.com/covergates/covergates/routers/api/report/report.go:129.17,132.4 2 0
github.com/covergates/covergates/routers/api/report/report.go:152.19,153.30 1 1
github.com/covergates/covergates/routers/api/report/report.go:153.30,156.45 3 1
github.com/covergates/covergates/routers/api/report/report.go:161.3,161.54 1 1
github.com/covergates/covergates/routers/api/report/report.go:166.3,166.20 1 1
github.com/covergates/covergates/routers/api/report/report.go:181.3,181.9 1 1
github.com/covergates/covergates/routers/api/report/report.go:156.45,160.4 3 0
github.com/covergates/covergates/routers/api/report/report.go:161.54,164.4 2 1
github.com/covergates/covergates/routers/api/report/report.go:166.20,168.18 2 1
github.com/covergates/covergates/routers/api/report/report.go:168.18,170.5 1 1
github.com/covergates/covergates/routers/api/report/report.go:170.10,172.5 1 1
github.com/covergates/covergates/routers/api/report/report.go:173.9,175.18 2 0
github.com/covergates/covergates/routers/api/report/report.go:175.18,177.5 1 0
github.com/covergates/covergates/routers/api/report/report.go:177.10,179.5 1 0
github.com/covergates/covergates/routers/api/report/report.go:197.19,198.30 1 1
github.com/covergates/covergates/routers/api/report/report.go:198.30,205.17 4 1
github.com/covergates/covergates/routers/api/report/report.go:209.3,210.17 2 1
github.com/covergates/covergates/routers/api/report/report.go:214.3,216.46 3 1
github.com/covergates/covergates/routers/api/report/report.go:220.3,221.9 2 1
github.com/covergates/covergates/routers/api/report/report.go:205.17,208.4 2 0
github.com/covergates/covergates/routers/api/report/report.go:210.17,213.4 2 0
github.com/covergates/covergates/routers/api/report/report.go:216.46,219.4 2 0
github.com/covergates/covergates/routers/api/report/report.go:238.19,240.30 1 0
github.com/covergates/covergates/routers/api/report/report.go:240.30,244.17 4 0
github.com/covergates/covergates/routers/api/report/report.go:248.3,249.17 2 0
github.com/covergates/covergates/routers/api/report/report.go:253.3,254.17 2 0
github.com/covergates/covergates/routers/api/report/report.go:258.3,260.17 3 0
github.com/covergates/covergates/routers/api/report/report.go:266.3,267.17 2 0
github.com/covergates/covergates/routers/api/report/report.go:271.3,272.17 2 0
github.com/covergates/covergates/routers/api/report/report.go:276.3,277.17 2 0
github.com/covergates/covergates/routers/api/report/report.go:282.3,293.44 3 0
github.com/covergates/covergates/routers/api/report/report.go:298.3,298.100 1 0
github.com/covergates/covergates/routers/api/report/report.go:302.3,310.17 3 0
github.com/covergates/covergates/routers/api/report/report.go:314.3,318.94 2 0
github.com/covergates/covergates/routers/api/report/report.go:322.3,322.22 1 0
github.com/covergates/covergates/routers/api/report/report.go:244.17,247.4 2 0
github.com/covergates/covergates/routers/api/report/report.go:249.17,252.4 2 0
github.com/covergates/covergates/routers/api/report/report.go:254.17,257.4 2 0
github.com/covergates/covergates/routers/api/report/report.go:260.17,263.4 2 0
github.com/covergates/covergates/routers/api/report/report.go:267.17,270.4 2 0
github.com/covergates/covergates/routers/api/report/report.go:272.17,274.4 1 0
github.com/covergates/covergates/routers/api/report/report.go:277.17,280.4 2 0
github.com/covergates/covergates/routers/api/report/report.go:293.44,296.4 2 0
github.com/covergates/covergates/routers/api/report/report.go:298.100,300.4 1 0
github.com/covergates/covergates/routers/api/report/report.go:310.17,313.4 2 0
github.com/covergates/covergates/routers/api/report/report.go:318.94,321.4 2 0
github.com/covergates/covergates/routers/api/report/report.go:331.8,333.16 2 1
github.com/covergates/covergates/routers/api/report/report.go:336.2,336.19 1 1
github.com/covergates/covergates/routers/api/report/report.go:339.2,340.9 2 1
github.com/covergates/covergates/routers/api/report/report.go:343.2,344.16 2 1
github.com/covergates/covergates/routers/api/report/report.go:347.2,348.16 2 1
github.com/covergates/covergates/routers/api/report/report.go:351.2,351.13 1 0
github.com/covergates/covergates/routers/api/report/report.go:333.16,335.3 1 0
github.com/covergates/covergates/routers/api/report/report.go:336.19,338.3 1 1
github.com/covergates/covergates/routers/api/report/report.go:340.9,342.3 1 1
github.com/covergates/covergates/routers/api/report/report.go:344.16,346.3 1 0
github.com/covergates/covergates/routers/api/report/report.go:348.16,350.3 1 1
github.com/covergates/covergates/routers/api/report/report.go:354.111,356.16 2 1
github.com/covergates/covergates/routers/api/report/report.go:359.2,362.4 1 1
github.com/covergates/covergates/routers/api/report/report.go:356.16,358.3 1 0
github.com/covergates/covergates/routers/api/report/report.go:366.78,370.2 1 0
github.com/covergates/covergates/routers/api/report/report.go:379.33,381.16 2 1
github.com/covergates/covergates/routers/api/report/report.go:384.2,384.78 1 1
github.com/covergates/covergates/routers/api/report/report.go:387.2,387.22 1 1
github.com/covergates/covergates/routers/api/report/report.go:381.16,383.3 1 0
github.com/covergates/covergates/routers/api/report/report.go:384.78,386.3 1 0
github.com/covergates/covergates/routers/api/report/report.go:396.31,398.16 2 1
github.com/covergates/covergates/routers/api/report/report.go:401.2,402.16 2 1
github.com/covergates/covergates/routers/api/report/report.go:405.2,405.63 1 1
github.com/covergates/covergates/routers/api/report/report.go:398.16,400.3 1 0
github.com/covergates/covergates/routers/api/report/report.go:402.16,404.3 1 0
github.com/covergates/covergates/routers/api/repo/context.go:11.53,12.30 1 1
github.com/covergates/covergates/routers/api/repo/context.go:12.30,18.17 2 1
github.com/covergates/covergates/routers/api/repo/context.go:23.3,23.23 1 1
github.com/covergates/covergates/routers/api/repo/context.go:18.17,22.4 3 0
github.com/covergates/covergates/routers/api/repo/hook.go:16.65,17.30 1 0
github.com/covergates/covergates/routers/api/repo/hook.go:17.30,20.51 3 0
github.com/covergates/covergates/routers/api/repo/hook.go:24.3,24.22 1 0
github.com/covergates/covergates/routers/api/repo/hook.go:20.51,23.4 2 0
github.com/covergates/covergates/routers/api/repo/hook.go:36.80,37.30 1 1
github.com/covergates/covergates/routers/api/repo/hook.go:37.30,41.17 4 1
github.com/covergates/covergates/routers/api/repo/hook.go:45.3,46.63 2 1
github.com/covergates/covergates/routers/api/repo/hook.go:53.3,53.58 1 1
github.com/covergates/covergates/routers/api/repo/hook.go:57.3,57.22 1 1
github.com/covergates/covergates/routers/api/repo/hook.go:41.17,44.4 2 0
github.com/covergates/covergates/routers/api/repo/hook.go:46.63,49.4 2 0
github.com/covergates/covergates/routers/api/repo/hook.go:49.9,49.24 1 1
github.com/covergates/covergates/routers/api/repo/hook.go:49.24,52.4 2 0
github.com/covergates/covergates/routers/api/repo/hook.go:53.58,56.4 2 0
github.com/covergates/covergates/routers/api/repo/repo.go:20.82,21.30 1 1
github.com/covergates/covergates/routers/api/repo/repo.go:21.30,23.10 2 1
github.com/covergates/covergates/routers/api/repo/repo.go:27.3,28.42 2 1
github.com/covergates/covergates/routers/api/repo/repo.go:33.3,33.24 1 1
github.com/covergates/covergates/routers/api/repo/repo.go:46.3,46.50 1 1
github.com/covergates/covergates/routers/api/repo/repo.go:50.3,50.20 1 1
github.com/covergates/covergates/routers/api/repo/repo.go:23.10,26.4 2 0
github.com/covergates/covergates/routers/api/repo/repo.go:28.42,31.4 2 0
github.com/covergates/covergates/routers/api/repo/repo.go:33.24,35.18 2 0
github.com/covergates/covergates/routers/api/repo/repo.go:38.4,39.18 2 0
github.com/covergates/covergates/routers/api/repo/repo.go:43.4,43.32 1 0
github.com/covergates/covergates/routers/api/repo/repo.go:35.18,37.5 1 0
github.com/covergates/covergates/routers/api/repo/repo.go:39.18,42.5 2 0
github.com/covergates/covergates/routers/api/repo/repo.go:46.50,49.4 2 0
github.com/covergates/covergates/routers/api/repo/repo.go:62.89,63.30 1 0
github.com/covergates/covergates/routers/api/repo/repo.go:63.30,70.17 3 0
github.com/covergates/covergates/routers/api/repo/repo.go:74.3,75.17 2 0
github.com/covergates/covergates/routers/api/repo/repo.go:78.3,79.44 2 0
github.com/covergates/covergates/routers/api/repo/repo.go:83.3,84.9 2 0
github.com/covergates/covergates/routers/api/repo/repo.go:70.17,73.4 2 0
github.com/covergates/covergates/routers/api/repo/repo.go:75.17,77.4 1 0
github.com/covergates/covergates/routers/api/repo/repo.go:79.44,82.4 2 0
github.com/covergates/covergates/routers/api/repo/repo.go:96.54,97.30 1 0
github.com/covergates/covergates/routers/api/repo/repo.go:97.30,103.17 2 0
github.com/covergates/covergates/routers/api/repo/repo.go:107.3,107.19 1 0
github.com/covergates/covergates/routers/api/repo/repo.go:113.3,113.20 1 0
github.com/covergates/covergates/routers/api/repo/repo.go:103.17,106.4 2 0
github.com/covergates/covergates/routers/api/repo/repo.go:107.19,108.41 1 0
github.com/covergates/covergates/routers/api/repo/repo.go:108.41,111.5 2 0
github.com/covergates/covergates/routers/api/repo/repo.go:125.80,126.30 1 0
github.com/covergates/covergates/routers/api/repo/repo.go:126.30,133.10 7 0
github.com/covergates/covergates/routers/api/repo/repo.go:137.3,138.17 2 0
github.com/covergates/covergates/routers/api/repo/repo.go:142.3,143.17 2 0
github.com/covergates/covergates/routers/api/repo/repo.go:147.3,150.17 2 0
github.com/covergates/covergates/routers/api/repo/repo.go:154.3,155.49 2 0
github.com/covergates/covergates/routers/api/repo/repo.go:159.3,159.25 1 0
github.com/covergates/covergates/routers/api/repo/repo.go:133.10,136.4 2 0
github.com/covergates/covergates/routers/api/repo/repo.go:138.17,141.4 2 0
github.com/covergates/covergates/routers/api/repo/repo.go:143.17,146.4 2 0
github.com/covergates/covergates/routers/api/repo/repo.go:150.17,153.4 2 0
github.com/covergates/covergates/routers/api/repo/repo.go:155.49,158.4 2 0
github.com/covergates/covergates/routers/api/repo/repo.go:168.106,169.30 1 0
github.com/covergates/covergates/routers/api/repo/repo.go:169.30,172.10 3 0
github.com/covergates/covergates/routers/api/repo/repo.go:176.3,177.47 2 0
github.com/covergates/covergates/routers/api/repo/repo.go:188.3,188.28 1 0
github.com/covergates/covergates/routers/api/repo/repo.go:172.10,175.4 2 0
github.com/covergates/covergates/routers/api/repo/repo.go:177.47,179.18 2 0
github.com/covergates/covergates/routers/api/repo/repo.go:182.4,183.18 2 0
github.com/covergates/covergates/routers/api/repo/repo.go:186.4,186.50 1 0
github.com/covergates/covergates/routers/api/repo/repo.go:179.18,180.13 1 0
github.com/covergates/covergates/routers/api/repo/repo.go:183.18,184.13 1 0
github.com/covergates/covergates/routers/api/repo/repo.go:198.83,199.30 1 1
github.com/covergates/covergates/routers/api/repo/repo.go:199.30,202.10 3 1
github.com/covergates/covergates/routers/api/repo/repo.go:206.3,208.17 3 1
github.com/covergates/covergates/routers/api/repo/repo.go:213.3,214.17 2 1
github.com/covergates/covergates/routers/api/repo/repo.go:218.3,218.28 1 1
github.com/covergates/covergates/routers/api/repo/repo.go:202.10,205.4 2 0
github.com/covergates/covergates/routers/api/repo/repo.go:208.17,212.4 3 0
github.com/covergates/covergates/routers/api/repo/repo.go:214.17,217.4 2 0
github.com/covergates/covergates/routers/api/repo/repo.go:231.62,232.30 1 0
github.com/covergates/covergates/routers/api/repo/repo.go:232.30,237.10 5 0
github.com/covergates/covergates/routers/api/repo/repo.go:241.3,242.17 2 0
github.com/covergates/covergates/routers/api/repo/repo.go:247.3,248.17 2 0
github.com/covergates/covergates/routers/api/repo/repo.go:253.3,254.17 2 0
github.com/covergates/covergates/routers/api/repo/repo.go:259.3,259.21 1 0
github.com/covergates/covergates/routers/api/repo/repo.go:237.10,240.4 2 0
github.com/covergates/covergates/routers/api/repo/repo.go:242.17,246.4 3 0
github.com/covergates/covergates/routers/api/repo/repo.go:248.17,252.4 3 0
github.com/covergates/covergates/routers/api/repo/repo.go:254.17,258.4 3 0
github.com/covergates/covergates/routers/api/repo/repo.go:273.68,274.30 1 0
github.com/covergates/covergates/routers/api/repo/repo.go:274.30,280.10 6 0
github.com/covergates/covergates/routers/api/repo/repo.go:284.3,285.17 2 0
github.com/covergates/covergates/routers/api/repo/repo.go:290.3,291.17 2 0
github.com/covergates/covergates/routers/api/repo/repo.go:296.3,297.37 2 0
github.com/covergates/covergates/routers/api/repo/repo.go:280.10,283.4 2 0
github.com/covergates/covergates/routers/api/repo/repo.go:285.17,289.4 3 0
github.com/covergates/covergates/routers/api/repo/repo.go:291.17,295.4 3 0
github.com/covergates/covergates/routers/api/repo/repo.go:309.61,310.30 1 0
github.com/covergates/covergates/routers/api/repo/repo.go:310.30,316.17 2 0
github.com/covergates/covergates/routers/api/repo/repo.go:320.3,321.17 2 0
github.com/covergates/covergates/routers/api/repo/repo.go:327.3,327.23 1 0
github.com/covergates/covergates/routers/api/repo/repo.go:316.17,319.4 2 0
github.com/covergates/covergates/routers/api/repo/repo.go:321.17,322.18 1 0
github.com/covergates/covergates/routers/api/repo/repo.go:322.18,325.5 2 0
github.com/covergates/covergates/routers/api/repo/repo.go:340.64,341.30 1 0
github.com/covergates/covergates/routers/api/repo/repo.go:341.30,345.10 4 0
github.com/covergates/covergates/routers/api/repo/repo.go:349.3,350.17 2 0
github.com/covergates/covergates/routers/api/repo/repo.go:354.3,354.34 1 0
github.com/covergates/covergates/routers/api/repo/repo.go:358.3,358.45 1 0
github.com/covergates/covergates/routers/api/repo/repo.go:362.3,362.60 1 0
github.com/covergates/covergates/routers/api/repo/repo.go:366.3,366.23 1 0
github.com/covergates/covergates/routers/api/repo/repo.go:345.10,348.4 2 0
github.com/covergates/covergates/routers/api/repo/repo.go:350.17,353.4 2 0
github.com/covergates/covergates/routers/api/repo/repo.go:354.34,357.4 2 0
github.com/covergates/covergates/routers/api/repo/repo.go:358.45,361.4 2 0
github.com/covergates/covergates/routers/api/repo/repo.go:362.60,365.4 2 0
github.com/covergates/covergates/routers/api/repo/repo.go:370.82,373.15 3 0
github.com/covergates/covergates/routers/api/repo/repo.go:380.2,380.17 1 0
github.com/covergates/covergates/routers/api/repo/repo.go:373.15,375.17 2 0
github.com/covergates/covergates/routers/api/repo/repo.go:378.3,378.20 1 0
github.com/covergates/covergates/routers/api/repo/repo.go:375.17,377.4 1 0
github.com/covergates/covergates/routers/api/repo/repo.go:388.25,390.16 2 1
github.com/covergates/covergates/routers/api/repo/repo.go:393.2,394.36 2 1
github.com/covergates/covergates/routers/api/repo/repo.go:397.2,398.16 2 1
github.com/covergates/covergates/routers/api/repo/repo.go:401.2,402.41 2 1
github.com/covergates/covergates/routers/api/repo/repo.go:405.2,405.36 1 1
github.com/covergates/covergates/routers/api/repo/repo.go:411.2,411.26 1 1
github.com/covergates/covergates/routers/api/repo/repo.go:390.16,392.3 1 0
github.com/covergates/covergates/routers/api/repo/repo.go:394.36,396.3 1 1
github.com/covergates/covergates/routers/api/repo/repo.go:398.16,400.3 1 0
github.com/covergates/covergates/routers/api/repo/repo.go:402.41,404.3 1 1
github.com/covergates/covergates/routers/api/repo/repo.go:405.36,407.9 2 1
github.com/covergates/covergates/routers/api/repo/repo.go:407.9,409.4 1 1
github.com/covergates/covergates/service/golang/report.go:43.101,46.21 3 1
github.com/covergates/covergates/service/golang/report.go:59.2,59.38 1 1
github.com/covergates/covergates/service/golang/report.go:62.2,62.32 1 1
github.com/covergates/covergates/service/golang/report.go:46.21,48.17 2 1
github.com/covergates/covergates/service/golang/report.go:53.3,54.17 2 1
github.com/covergates/covergates/service/golang/report.go:57.3,57.31 1 1
github.com/covergates/covergates/service/golang/report.go:48.17,49.12 1 0
github.com/covergates/covergates/service/golang/report.go:50.9,50.65 1 1
github.com/covergates/covergates/service/golang/report.go:50.65,51.12 1 1
github.com/covergates/covergates/service/golang/report.go:54.17,56.4 1 0
github.com/covergates/covergates/service/golang/report.go:59.38,61.3 1 0
github.com/covergates/covergates/service/golang/report.go:66.82,67.23 1 0
github.com/covergates/covergates/service/golang/report.go:70.2,71.82 2 0
github.com/covergates/covergates/service/golang/report.go:81.2,81.33 1 0
github.com/covergates/covergates/service/golang/report.go:84.2,84.18 1 0
github.com/covergates/covergates/service/golang/report.go:87.2,87.20 1 0
github.com/covergates/covergates/service/golang/report.go:67.23,69.3 1 0
github.com/covergates/covergates/service/golang/report.go:71.82,72.17 1 0
github.com/covergates/covergates/service/golang/report.go:75.3,75.61 1 0
github.com/covergates/covergates/service/golang/report.go:79.3,79.13 1 0
github.com/covergates/covergates/service/golang/report.go:72.17,74.4 1 0
github.com/covergates/covergates/service/golang/report.go:75.61,78.4 2 0
github.com/covergates/covergates/service/golang/report.go:81.33,83.3 1 0
github.com/covergates/covergates/service/golang/report.go:84.18,86.3 1 0
github.com/covergates/covergates/service/golang/report.go:91.85,93.16 2 0
github.com/covergates/covergates/service/golang/report.go:96.2,96.18 1 0
github.com/covergates/covergates/service/golang/report.go:99.2,103.17 5 0
github.com/covergates/covergates/service/golang/report.go:93.16,95.3 1 0
github.com/covergates/covergates/service/golang/report.go:96.18,98.3 1 0
github.com/covergates/covergates/service/golang/report.go:106.46,108.21 2 1
github.com/covergates/covergates/service/golang/report.go:111.2,113.21 3 1
github.com/covergates/covergates/service/golang/report.go:116.2,117.16 2 1
github.com/covergates/covergates/service/golang/report.go:120.2,121.21 2 1
github.com/covergates/covergates/service/golang/report.go:124.2,132.8 3 1
github.com/covergates/covergates/service/golang/report.go:108.21,110.3 1 0
github.com/covergates/covergates/service/golang/report.go:113.21,115.3 1 0
github.com/covergates/covergates/service/golang/report.go:117.16,119.3 1 0
github.com/covergates/covergates/service/golang/report.go:121.21,123.3 1 0
github.com/covergates/covergates/service/golang/report.go:135.33,138.16 3 1
github.com/covergates/covergates/service/golang/report.go:141.2,141.12 1 1
github.com/covergates/covergates/service/golang/report.go:138.16,140.3 1 0
github.com/covergates/covergates/service/golang/report.go:144.60,146.33 2 1
github.com/covergates/covergates/service/golang/report.go:149.2,149.23 1 1
github.com/covergates/covergates/service/golang/report.go:146.33,148.3 1 1
github.com/covergates/covergates/service/golang/report.go:152.39,154.9 2 1
github.com/covergates/covergates/service/golang/report.go:161.2,161.19 1 1
github.com/covergates/covergates/service/golang/report.go:154.9,160.3 2 1
github.com/covergates/covergates/service/golang/report.go:164.52,166.25 2 1
github.com/covergates/covergates/service/golang/report.go:169.2,173.15 3 1
github.com/covergates/covergates/service/golang/report.go:166.25,168.3 1 1
github.com/covergates/covergates/service/golang/report.go:176.43,177.42 1 1
github.com/covergates/covergates/service/golang/report.go:177.42,179.3 1 1
github.com/covergates/covergates/service/golang/report.go:182.42,186.29 4 1
github.com/covergates/covergates/service/golang/report.go:195.2,196.20 2 1
github.com/covergates/covergates/service/golang/report.go:199.2,203.3 1 1
github.com/covergates/covergates/service/golang/report.go:186.29,191.23 2 1
github.com/covergates/covergates/service/golang/report.go:191.23,193.4 1 1
github.com/covergates/covergates/service/golang/report.go:196.20,198.3 1 1
github.com/covergates/covergates/service/golang/report.go:206.36,208.26 2 1
github.com/covergates/covergates/service/golang/report.go:211.2,212.14 2 1
github.com/covergates/covergates/service/golang/report.go:208.26,210.3 1 1
github.com/covergates/covergates/service/coverage/coverage.go:28.50,29.36 1 0
github.com/covergates/covergates/service/coverage/coverage.go:32.2,32.14 1 0
github.com/covergates/covergates/service/coverage/coverage.go:29.36,31.3 1 0
github.com/covergates/covergates/service/coverage/coverage.go:35.75,36.11 1 0
github.com/covergates/covergates/service/coverage/coverage.go:37.23,38.38 1 0
github.com/covergates/covergates/service/coverage/coverage.go:39.21,40.40 1 0
github.com/covergates/covergates/service/coverage/coverage.go:41.10,42.38 1 0
github.com/covergates/covergates/service/coverage/coverage.go:47.109,49.16 2 0
github.com/covergates/covergates/service/coverage/coverage.go:52.2,52.31 1 0
github.com/covergates/covergates/service/coverage/coverage.go:49.16,51.3 1 0
github.com/covergates/covergates/service/coverage/coverage.go:56.93,58.16 2 0
github.com/covergates/covergates/service/coverage/coverage.go:61.2,61.32 1 0
github.com/covergates/covergates/service/coverage/coverage.go:58.16,60.3 1 0
github.com/covergates/covergates/service/coverage/coverage.go:65.96,67.16 2 0
github.com/covergates/covergates/service/coverage/coverage.go:70.2,70.32 1 0
github.com/covergates/covergates/service/coverage/coverage.go:67.16,69.3 1 0
github.com/covergates/covergates/service/coverage/coverage.go:74.119,76.36 2 1
github.com/covergates/covergates/service/coverage/coverage.go:82.2,82.12 1 1
github.com/covergates/covergates/service/coverage/coverage.go:76.36,77.33 1 1
github.com/covergates/covergates/service/coverage/coverage.go:80.3,80.43 1 1
github.com/covergates/covergates/service/coverage/coverage.go:77.33,79.4 1 1
github.com/covergates/covergates/service/coverage/coverage.go:85.49,87.29 2 1
github.com/covergates/covergates/service/coverage/coverage.go:92.2,92.14 1 1
github.com/covergates/covergates/service/coverage/coverage.go:87.29,88.49 1 1
github.com/covergates/covergates/service/coverage/coverage.go:88.49,90.4 1 1
github.com/covergates/covergates/models/user.go:38.95,46.58 3 1
github.com/covergates/covergates/models/user.go:49.2,49.32 1 1
github.com/covergates/covergates/models/user.go:46.58,48.3 1 0
github.com/covergates/covergates/models/user.go:53.88,56.13 3 1
github.com/covergates/covergates/models/user.go:70.2,71.64 2 1
github.com/covergates/covergates/models/user.go:74.2,74.28 1 1
github.com/covergates/covergates/models/user.go:57.19,61.4 1 1
github.com/covergates/covergates/models/user.go:62.18,66.4 1 1
github.com/covergates/covergates/models/user.go:67.10,68.44 1 0
github.com/covergates/covergates/models/user.go:71.64,73.3 1 1
github.com/covergates/covergates/models/user.go:83.23,84.22 1 1
github.com/covergates/covergates/models/user.go:87.2,87.52 1 1
github.com/covergates/covergates/models/user.go:90.2,92.79 3 1
github.com/covergates/covergates/models/user.go:95.2,95.61 1 1
github.com/covergates/covergates/models/user.go:98.2,98.46 1 1
github.com/covergates/covergates/models/user.go:101.2,101.28 1 1
github.com/covergates/covergates/models/user.go:84.22,86.3 1 0
github.com/covergates/covergates/models/user.go:87.52,89.3 1 1
github.com/covergates/covergates/models/user.go:92.79,94.3 1 1
github.com/covergates/covergates/models/user.go:95.61,97.3 1 0
github.com/covergates/covergates/models/user.go:98.46,100.3 1 0
github.com/covergates/covergates/models/user.go:104.40,120.2 1 1
github.com/covergates/covergates/models/user.go:122.93,123.13 1 1
github.com/covergates/covergates/models/user.go:139.2,139.12 1 1
github.com/covergates/covergates/models/user.go:124.19,129.40 5 1
github.com/covergates/covergates/models/user.go:130.18,135.39 5 1
github.com/covergates/covergates/models/user.go:136.10,137.34 1 0
github.com/covergates/covergates/models/error.go:16.45,18.2 1 0
github.com/covergates/covergates/models/error.go:21.43,24.2 2 1
github.com/covergates/covergates/models/models.go:17.59,21.2 1 0
github.com/covergates/covergates/models/models.go:23.50,25.2 1 0
github.com/covergates/covergates/models/models.go:27.47,29.2 1 0
github.com/covergates/covergates/models/models.go:31.13,40.2 1 1
github.com/covergates/covergates/models/models.go:42.33,44.2 1 1
github.com/covergates/covergates/models/repo.go:47.43,58.2 1 1
github.com/covergates/covergates/models/repo.go:61.72,63.16 2 1
github.com/covergates/covergates/models/repo.go:66.2,67.12 2 1
github.com/covergates/covergates/models/repo.go:63.16,65.3 1 0
github.com/covergates/covergates/models/repo.go:71.72,72.38 1 1
github.com/covergates/covergates/models/repo.go:75.2,85.32 3 1
github.com/covergates/covergates/models/repo.go:72.38,74.3 1 0
github.com/covergates/covergates/models/repo.go:89.55,92.75 3 1
github.com/covergates/covergates/models/repo.go:95.2,96.30 2 1
github.com/covergates/covergates/models/repo.go:92.75,94.3 1 0
github.com/covergates/covergates/models/repo.go:100.67,103.59 3 1
github.com/covergates/covergates/models/repo.go:106.2,106.28 1 1
github.com/covergates/covergates/models/repo.go:103.59,105.3 1 0
github.com/covergates/covergates/models/repo.go:110.70,113.59 3 1
github.com/covergates/covergates/models/repo.go:116.2,119.50 2 1
github.com/covergates/covergates/models/repo.go:122.2,122.31 1 1
github.com/covergates/covergates/models/repo.go:113.59,115.3 1 0
github.com/covergates/covergates/models/repo.go:119.50,121.3 1 0
github.com/covergates/covergates/models/repo.go:126.69,130.38 4 1
github.com/covergates/covergates/models/repo.go:133.2,134.36 2 1
github.com/covergates/covergates/models/repo.go:137.2,137.30 1 1
github.com/covergates/covergates/models/repo.go:130.38,132.3 1 0
github.com/covergates/covergates/models/repo.go:134.36,136.3 1 1
github.com/covergates/covergates/models/repo.go:141.77,144.70 3 1
github.com/covergates/covergates/models/repo.go:147.2,148.68 2 1
github.com/covergates/covergates/models/repo.go:151.2,151.25 1 1
github.com/covergates/covergates/models/repo.go:144.70,146.3 1 0
github.com/covergates/covergates/models/repo.go:148.68,150.3 1 0
github.com/covergates/covergates/models/repo.go:155.89,158.85 3 1
github.com/covergates/covergates/models/repo.go:161.2,161.52 1 1
github.com/covergates/covergates/models/repo.go:164.2,164.40 1 1
github.com/covergates/covergates/models/repo.go:158.85,160.3 1 0
github.com/covergates/covergates/models/repo.go:161.52,163.3 1 0
github.com/covergates/covergates/models/repo.go:168.76,169.18 1 1
github.com/covergates/covergates/models/repo.go:172.2,172.19 1 1
github.com/covergates/covergates/models/repo.go:175.2,177.83 3 1
github.com/covergates/covergates/models/repo.go:180.2,181.30 2 1
github.com/covergates/covergates/models/repo.go:169.18,171.3 1 1
github.com/covergates/covergates/models/repo.go:172.19,174.3 1 1
github.com/covergates/covergates/models/repo.go:177.83,179.3 1 0
github.com/covergates/covergates/models/repo.go:185.71,188.75 3 1
github.com/covergates/covergates/models/repo.go:191.2,193.8 1 1
github.com/covergates/covergates/models/repo.go:188.75,190.3 1 1
github.com/covergates/covergates/models/repo.go:196.42,200.2 3 1
github.com/covergates/covergates/models/report.go:43.56,44.56 1 1
github.com/covergates/covergates/models/report.go:47.2,54.35 5 1
github.com/covergates/covergates/models/report.go:44.56,46.3 1 0
github.com/covergates/covergates/models/report.go:58.70,62.38 4 1
github.com/covergates/covergates/models/report.go:65.2,65.32 1 1
github.com/covergates/covergates/models/report.go:62.38,64.3 1 0
github.com/covergates/covergates/models/report.go:69.73,73.59 3 1
github.com/covergates/covergates/models/report.go:76.2,77.29 2 1
github.com/covergates/covergates/models/report.go:80.2,80.21 1 1
github.com/covergates/covergates/models/report.go:73.59,75.3 1 0
github.com/covergates/covergates/models/report.go:77.29,79.3 1 1
github.com/covergates/covergates/models/report.go:84.92,85.49 1 1
github.com/covergates/covergates/models/report.go:88.2,91.72 4 1
github.com/covergates/covergates/models/report.go:94.2,95.30 2 1
github.com/covergates/covergates/models/report.go:85.49,87.3 1 1
github.com/covergates/covergates/models/report.go:91.72,93.3 1 0
github.com/covergates/covergates/models/report.go:99.96,103.64 4 1
github.com/covergates/covergates/models/report.go:106.2,109.8 1 1
github.com/covergates/covergates/models/report.go:103.64,105.3 1 1
github.com/covergates/covergates/models/report.go:113.65,117.2 3 1
github.com/covergates/covergates/models/report.go:120.44,124.2 3 1
github.com/covergates/covergates/models/report.go:127.46,129.16 2 1
github.com/covergates/covergates/models/report.go:132.2,133.16 2 1
github.com/covergates/covergates/models/report.go:136.2,146.15 2 1
github.com/covergates/covergates/models/report.go:129.16,131.3 1 1
github.com/covergates/covergates/models/report.go:133.16,135.3 1 1
github.com/covergates/covergates/models/report.go:149.36,157.2 1 1
github.com/covergates/covergates/models/report.go:159.48,161.16 2 1
github.com/covergates/covergates/models/report.go:164.2,165.16 2 1
github.com/covergates/covergates/models/report.go:168.2,174.22 7 1
github.com/covergates/covergates/models/report.go:161.16,163.3 1 0
github.com/covergates/covergates/models/report.go:165.16,167.3 1 0
github.com/covergates/covergates/service/perl/coverage.go:25.65,26.36 1 1
github.com/covergates/covergates/service/perl/coverage.go:36.2,36.12 1 1
github.com/covergates/covergates/service/perl/coverage.go:26.36,28.10 2 1
github.com/covergates/covergates/service/perl/coverage.go:32.3,32.61 1 1
github.com/covergates/covergates/service/perl/coverage.go:28.10,31.4 2 1
github.com/covergates/covergates/service/perl/coverage.go:32.61,34.4 1 0
github.com/covergates/covergates/service/perl/coverage.go:39.69,40.23 1 1
github.com/covergates/covergates/service/perl/coverage.go:43.2,44.30 2 1
github.com/covergates/covergates/service/perl/coverage.go:49.2,49.21 1 1
github.com/covergates/covergates/service/perl/coverage.go:40.23,42.3 1 0
github.com/covergates/covergates/service/perl/coverage.go:44.30,45.53 1 1
github.com/covergates/covergates/service/perl/coverage.go:45.53,47.4 1 0
github.com/covergates/covergates/service/perl/coverage.go:52.43,56.2 1 1
github.com/covergates/covergates/service/perl/coverage.go:58.61,59.40 1 1
github.com/covergates/covergates/service/perl/coverage.go:62.2,62.30 1 1
github.com/covergates/covergates/service/perl/coverage.go:65.2,65.12 1 1
github.com/covergates/covergates/service/perl/coverage.go:59.40,61.3 1 0
github.com/covergates/covergates/service/perl/coverage.go:62.30,64.3 1 1
github.com/covergates/covergates/service/perl/file.go:10.65,12.40 2 1
github.com/covergates/covergates/service/perl/file.go:17.2,17.19 1 1
github.com/covergates/covergates/service/perl/file.go:12.40,16.3 1 1
github.com/covergates/covergates/service/perl/file.go:20.78,22.36 2 1
github.com/covergates/covergates/service/perl/file.go:25.2,28.3 1 1
github.com/covergates/covergates/service/perl/file.go:22.36,24.3 1 1
github.com/covergates/covergates/service/perl/file.go:31.42,35.2 1 1
github.com/covergates/covergates/service/perl/file.go:37.47,39.9 2 1
github.com/covergates/covergates/service/perl/file.go:42.2,42.44 1 1
github.com/covergates/covergates/service/perl/file.go:39.9,41.3 1 1
github.com/covergates/covergates/service/perl/file.go:45.62,46.20 1 1
github.com/covergates/covergates/service/perl/file.go:49.2,50.27 2 1
github.com/covergates/covergates/service/perl/file.go:55.2,55.40 1 1
github.com/covergates/covergates/service/perl/file.go:46.20,48.3 1 0
github.com/covergates/covergates/service/perl/file.go:50.27,51.19 1 1
github.com/covergates/covergates/service/perl/file.go:51.19,53.4 1 1
github.com/covergates/covergates/service/perl/file.go:58.48,59.21 1 1
github.com/covergates/covergates/service/perl/file.go:62.2,64.41 3 1
github.com/covergates/covergates/service/perl/file.go:67.2,71.33 2 1
github.com/covergates/covergates/service/perl/file.go:76.2,77.15 2 1
github.com/covergates/covergates/service/perl/file.go:59.21,61.3 1 0
github.com/covergates/covergates/service/perl/file.go:64.41,66.3 1 1
github.com/covergates/covergates/service/perl/file.go:71.33,72.42 1 1
github.com/covergates/covergates/service/perl/file.go:72.42,74.4 1 1
github.com/covergates/covergates/service/perl/file.go:80.53,82.36 2 1
github.com/covergates/covergates/service/perl/file.go:85.2,85.14 1 1
github.com/covergates/covergates/service/perl/file.go:82.36,84.3 1 1
github.com/covergates/covergates/service/perl/report.go:28.44,30.2 1 0
github.com/covergates/covergates/service/perl/report.go:45.33,48.16 2 1
github.com/covergates/covergates/service/perl/report.go:51.2,52.16 2 1
github.com/covergates/covergates/service/perl/report.go:55.2,56.16 2 1
github.com/covergates/covergates/service/perl/report.go:59.2,59.28 1 1
github.com/covergates/covergates/service/perl/report.go:48.16,50.3 1 0
github.com/covergates/covergates/service/perl/report.go:52.16,54.3 1 0
github.com/covergates/covergates/service/perl/report.go:56.16,58.3 1 0
github.com/covergates/covergates/service/perl/report.go:63.82,64.23 1 1
github.com/covergates/covergates/service/perl/report.go:67.2,67.44 1 1
github.com/covergates/covergates/service/perl/report.go:70.2,71.82 2 1
github.com/covergates/covergates/service/perl/report.go:81.2,81.33 1 1
github.com/covergates/covergates/service/perl/report.go:84.2,84.18 1 1
github.com/covergates/covergates/service/perl/report.go:87.2,87.20 1 1
github.com/covergates/covergates/service/perl/report.go:64.23,66.3 1 0
github.com/covergates/covergates/service/perl/report.go:67.44,69.3 1 0
github.com/covergates/covergates/service/perl/report.go:71.82,72.17 1 1
github.com/covergates/covergates/service/perl/report.go:75.3,75.61 1 1
github.com/covergates/covergates/service/perl/report.go:79.3,79.13 1 1
github.com/covergates/covergates/service/perl/report.go:72.17,74.4 1 0
github.com/covergates/covergates/service/perl/report.go:75.61,78.4 2 1
github.com/covergates/covergates/service/perl/report.go:81.33,83.3 1 0
github.com/covergates/covergates/service/perl/report.go:84.18,86.3 1 0
github.com/covergates/covergates/service/perl/report.go:91.85,92.23 1 1
github.com/covergates/covergates/service/perl/report.go:95.2,99.82 5 1
github.com/covergates/covergates/service/perl/report.go:123.2,123.17 1 1
github.com/covergates/covergates/service/perl/report.go:92.23,94.3 1 0
github.com/covergates/covergates/service/perl/report.go:99.82,100.29 1 1
github.com/covergates/covergates/service/perl/report.go:103.3,104.19 2 1
github.com/covergates/covergates/service/perl/report.go:121.3,121.13 1 1
github.com/covergates/covergates/service/perl/report.go:100.29,102.4 1 1
github.com/covergates/covergates/service/perl/report.go:104.19,105.50 1 1
github.com/covergates/covergates/service/perl/report.go:105.50,107.5 1 0
github.com/covergates/covergates/service/perl/report.go:108.9,110.18 2 1
github.com/covergates/covergates/service/perl/report.go:113.4,114.18 2 1
github.com/covergates/covergates/service/perl/report.go:117.4,117.43 1 1
github.com/covergates/covergates/service/perl/report.go:110.18,112.5 1 0
github.com/covergates/covergates/service/perl/report.go:114.18,116.5 1 0
github.com/covergates/covergates/service/perl/report.go:117.43,119.5 1 0
github.com/covergates/covergates/service/perl/report.go:126.57,128.29 2 1
github.com/covergates/covergates/service/perl/report.go:146.2,146.21 1 1
github.com/covergates/covergates/service/perl/report.go:128.29,129.30 1 1
github.com/covergates/covergates/service/perl/report.go:132.3,132.47 1 1
github.com/covergates/covergates/service/perl/report.go:129.30,130.12 1 1
github.com/covergates/covergates/service/perl/report.go:132.47,134.37 2 1
github.com/covergates/covergates/service/perl/report.go:137.4,140.18 4 1
github.com/covergates/covergates/service/perl/report.go:143.4,143.26 1 1
github.com/covergates/covergates/service/perl/report.go:134.37,135.13 1 1
github.com/covergates/covergates/service/perl/report.go:140.18,142.5 1 0
github.com/covergates/covergates/service/perl/report.go:149.62,152.16 3 1
github.com/covergates/covergates/service/perl/report.go:155.2,155.49 1 1
github.com/covergates/covergates/service/perl/report.go:158.2,159.9 2 1
github.com/covergates/covergates/service/perl/report.go:162.2,163.9 2 1
github.com/covergates/covergates/service/perl/report.go:167.2,168.9 2 1
github.com/covergates/covergates/service/perl/report.go:171.2,172.9 2 1
github.com/covergates/covergates/service/perl/report.go:176.2,177.16 2 1
github.com/covergates/covergates/service/perl/report.go:180.2,183.8 1 1
github.com/covergates/covergates/service/perl/report.go:152.16,154.3 1 0
github.com/covergates/covergates/service/perl/report.go:155.49,157.3 1 0
github.com/covergates/covergates/service/perl/report.go:159.9,161.3 1 0
github.com/covergates/covergates/service/perl/report.go:163.9,165.3 1 0
github.com/covergates/covergates/service/perl/report.go:168.9,170.3 1 0
github.com/covergates/covergates/service/perl/report.go:172.9,174.3 1 0
github.com/covergates/covergates/service/perl/report.go:177.16,179.3 1 0
github.com/covergates/covergates/service/perl/report.go:186.51,188.30 2 1
github.com/covergates/covergates/service/perl/report.go:191.2,192.9 2 1
github.com/covergates/covergates/service/perl/report.go:195.2,197.16 3 1
github.com/covergates/covergates/service/perl/report.go:200.2,201.16 2 1
github.com/covergates/covergates/service/perl/report.go:204.2,205.46 2 1
github.com/covergates/covergates/service/perl/report.go:208.2,208.16 1 1
github.com/covergates/covergates/service/perl/report.go:188.30,190.3 1 1
github.com/covergates/covergates/service/perl/report.go:192.9,194.3 1 0
github.com/covergates/covergates/service/perl/report.go:197.16,199.3 1 0
github.com/covergates/covergates/service/perl/report.go:201.16,203.3 1 0
github.com/covergates/covergates/service/perl/report.go:205.46,207.3 1 0
github.com/covergates/covergates/service/perl/report.go:211.55,212.21 1 1
github.com/covergates/covergates/service/perl/report.go:215.2,216.29 2 1
github.com/covergates/covergates/service/perl/report.go:219.2,219.32 1 1
github.com/covergates/covergates/service/perl/report.go:212.21,214.3 1 0
github.com/covergates/covergates/service/perl/report.go:216.29,218.3 1 1
github.com/covergates/covergates/service/perl/report.go:222.76,224.30 2 1
github.com/covergates/covergates/service/perl/report.go:237.2,242.20 3 1
github.com/covergates/covergates/service/perl/report.go:224.30,225.39 1 1
github.com/covergates/covergates/service/perl/report.go:225.39,227.11 2 1
github.com/covergates/covergates/service/perl/report.go:230.4,231.11 2 1
github.com/covergates/covergates/service/perl/report.go:234.4,234.52 1 1
github.com/covergates/covergates/service/perl/report.go:227.11,229.5 1 0
github.com/covergates/covergates/service/perl/report.go:231.11,233.5 1 0
github.com/covergates/covergates/routers/web/static.go:14.57,15.30 1 0
github.com/covergates/covergates/routers/web/static.go:15.30,22.3 6 0
github.com/covergates/covergates/routers/web/web.go:21.48,22.2 1 0
github.com/covergates/covergates/routers/web/web.go:44.2,52.34 9 0
github.com/covergates/covergates/routers/web/web.go:22.2,43.3 4 0
github.com/covergates/covergates/routers/web/context.go:9.44,15.2 1 0
github.com/covergates/covergates/routers/web/login.go:27.19,28.30 1 0
github.com/covergates/covergates/routers/web/login.go:28.30,29.27 1 0
github.com/covergates/covergates/routers/web/login.go:32.3,34.17 3 0
github.com/covergates/covergates/routers/web/login.go:38.3,40.32 3 0
github.com/covergates/covergates/routers/web/login.go:47.3,47.17 1 0
github.com/covergates/covergates/routers/web/login.go:51.3,51.53 1 0
github.com/covergates/covergates/routers/web/login.go:56.3,56.43 1 0
github.com/covergates/covergates/routers/web/login.go:29.27,31.4 1 0
github.com/covergates/covergates/routers/web/login.go:34.17,37.4 2 0
github.com/covergates/covergates/routers/web/login.go:40.32,43.4 2 0
github.com/covergates/covergates/routers/web/login.go:43.9,45.4 1 0
github.com/covergates/covergates/routers/web/login.go:47.17,50.4 2 0
github.com/covergates/covergates/routers/web/login.go:51.53,55.4 3 0
github.com/covergates/covergates/routers/web/login.go:60.97,62.16 2 0
github.com/covergates/covergates/routers/web/login.go:65.2,65.18 1 0
github.com/covergates/covergates/routers/web/login.go:62.16,64.3 1 0
github.com/covergates/covergates/routers/web/login.go:69.84,70.30 1 0
github.com/covergates/covergates/routers/web/login.go:70.30,72.89 2 0
github.com/covergates/covergates/routers/web/login.go:86.3,86.35 1 0
github.com/covergates/covergates/routers/web/login.go:72.89,75.18 3 0
github.com/covergates/covergates/routers/web/login.go:80.4,84.34 5 0
github.com/covergates/covergates/routers/web/login.go:75.18,79.5 3 0
github.com/covergates/covergates/routers/web/login.go:91.63,92.30 1 0
github.com/covergates/covergates/routers/web/login.go:92.30,94.12 2 0
github.com/covergates/covergates/routers/web/login.go:97.3,98.23 2 0
github.com/covergates/covergates/routers/web/login.go:103.3,103.27 1 0
github.com/covergates/covergates/routers/web/login.go:94.12,96.4 1 0
github.com/covergates/covergates/routers/web/login.go:98.23,102.4 3 0
github.com/covergates/covergates/routers/web/logout.go:10.80,11.30 1 0
github.com/covergates/covergates/routers/web/logout.go:11.30,12.42 1 0
github.com/covergates/covergates/routers/web/logout.go:17.3,18.43 2 0
github.com/covergates/covergates/routers/web/logout.go:12.42,16.4 3 0
